# Logfile created on Tue Jul 19 11:01:21 -0300 2011 by logger.rb/22285
REQUESTING PAGE: GET /usuario/senha with {} and HTTP headers {}
REQUESTING PAGE: GET /usuario/senha with {} and HTTP headers {}
REQUESTING PAGE: GET / with {} and HTTP headers {}
REQUESTING PAGE: GET /usuario/michael-hartl/editar with {} and HTTP headers {}
REQUESTING PAGE: GET http://www.example.com/login with {} and HTTP headers {"HTTP_REFERER"=>"/usuario/michael-hartl/editar"}
REQUESTING PAGE: GET /cadastro with {} and HTTP headers {}
REQUESTING PAGE: GET /cadastro with {} and HTTP headers {}
REQUESTING PAGE: GET /usuario/senha with {} and HTTP headers {}
REQUESTING PAGE: GET /usuario/senha with {} and HTTP headers {}
REQUESTING PAGE: GET / with {} and HTTP headers {}
REQUESTING PAGE: GET /usuario/michael-hartl/editar with {} and HTTP headers {}
REQUESTING PAGE: GET http://www.example.com/login with {} and HTTP headers {"HTTP_REFERER"=>"/usuario/michael-hartl/editar"}
REQUESTING PAGE: GET /cadastro with {} and HTTP headers {}
REQUESTING PAGE: GET /cadastro with {} and HTTP headers {}
REQUESTING PAGE: GET /cadastro with {} and HTTP headers {}
REQUESTING PAGE: GET /pesquisar with {"keywords"=>""} and HTTP headers {"HTTP_REFERER"=>"/cadastro"}
REQUESTING PAGE: GET /usuario/senha with {} and HTTP headers {}
REQUESTING PAGE: GET /usuario/senha with {} and HTTP headers {}
REQUESTING PAGE: GET / with {} and HTTP headers {}
REQUESTING PAGE: GET /usuario/michael-hartl/editar with {} and HTTP headers {}
REQUESTING PAGE: GET http://www.example.com/login with {} and HTTP headers {"HTTP_REFERER"=>"/usuario/michael-hartl/editar"}
REQUESTING PAGE: GET /cadastro with {} and HTTP headers {}
REQUESTING PAGE: GET /cadastro with {} and HTTP headers {}
REQUESTING PAGE: GET /pesquisar with {"keywords"=>""} and HTTP headers {"HTTP_REFERER"=>"/cadastro"}
REQUESTING PAGE: GET /usuario/senha with {} and HTTP headers {}
REQUESTING PAGE: GET /usuario/senha with {} and HTTP headers {}
REQUESTING PAGE: GET /cadastro with {} and HTTP headers {}
REQUESTING PAGE: GET /pesquisar with {"keywords"=>""} and HTTP headers {"HTTP_REFERER"=>"/cadastro"}
REQUESTING PAGE: GET /cadastro with {} and HTTP headers {}
REQUESTING PAGE: GET /pesquisar with {"keywords"=>""} and HTTP headers {"HTTP_REFERER"=>"/cadastro"}
REQUESTING PAGE: GET /login with {} and HTTP headers {}
REQUESTING PAGE: GET /login with {} and HTTP headers {}
REQUESTING PAGE: GET /usuario/senha with {} and HTTP headers {}
REQUESTING PAGE: GET /usuario/senha with {} and HTTP headers {}
REQUESTING PAGE: GET /cadastro with {} and HTTP headers {}
REQUESTING PAGE: GET /pesquisar with {"keywords"=>""} and HTTP headers {"HTTP_REFERER"=>"/cadastro"}
REQUESTING PAGE: GET /cadastro with {} and HTTP headers {}
REQUESTING PAGE: GET /pesquisar with {"keywords"=>""} and HTTP headers {"HTTP_REFERER"=>"/cadastro"}
REQUESTING PAGE: GET /login with {} and HTTP headers {}
REQUESTING PAGE: GET /login with {} and HTTP headers {}
REQUESTING PAGE: GET /usuario/senha with {} and HTTP headers {}
REQUESTING PAGE: GET /usuario/senha with {} and HTTP headers {}
REQUESTING PAGE: GET /cadastro with {} and HTTP headers {}
REQUESTING PAGE: POST /users with {"commit"=>"Vai!", "utf8"=>"✓", "user"=>{"name"=>"", "password_confirmation"=>"", "password"=>"", "email"=>""}} and HTTP headers {"HTTP_REFERER"=>"/cadastro"}
REQUESTING PAGE: GET /cadastro with {} and HTTP headers {}
REQUESTING PAGE: GET /pesquisar with {"keywords"=>""} and HTTP headers {"HTTP_REFERER"=>"/cadastro"}
REQUESTING PAGE: GET /login with {} and HTTP headers {}
REQUESTING PAGE: GET /login with {} and HTTP headers {}
REQUESTING PAGE: GET /usuario/senha with {} and HTTP headers {}
REQUESTING PAGE: GET /usuario/senha with {} and HTTP headers {}
REQUESTING PAGE: GET /cadastro with {} and HTTP headers {}
REQUESTING PAGE: POST /users with {"commit"=>"Vai!", "utf8"=>"✓", "user"=>{"name"=>"", "password_confirmation"=>"", "password"=>"", "email"=>""}} and HTTP headers {"HTTP_REFERER"=>"/cadastro"}
REQUESTING PAGE: GET /cadastro with {} and HTTP headers {}
REQUESTING PAGE: POST /users with {"commit"=>"Vai!", "utf8"=>"✓", "user"=>{"name"=>"Example User", "password_confirmation"=>"foobar", "password"=>"foobar", "email"=>"user@example.com"}} and HTTP headers {"HTTP_REFERER"=>"/cadastro"}
REQUESTING PAGE: GET http://www.example.com/usuario/example-user with {} and HTTP headers {"HTTP_REFERER"=>"/users"}
REQUESTING PAGE: GET /login with {} and HTTP headers {}
REQUESTING PAGE: GET /login with {} and HTTP headers {}
REQUESTING PAGE: GET /usuario/senha with {} and HTTP headers {}
REQUESTING PAGE: GET /usuario/senha with {} and HTTP headers {}
REQUESTING PAGE: GET /cadastro with {} and HTTP headers {}
REQUESTING PAGE: POST /users with {"commit"=>"Vai!", "utf8"=>"✓", "user"=>{"name"=>"", "password_confirmation"=>"", "password"=>"", "email"=>""}} and HTTP headers {"HTTP_REFERER"=>"/cadastro"}
REQUESTING PAGE: GET /cadastro with {} and HTTP headers {}
REQUESTING PAGE: POST /users with {"commit"=>"Vai!", "utf8"=>"✓", "user"=>{"name"=>"Example User", "password_confirmation"=>"foobar", "password"=>"foobar", "email"=>"user@example.com"}} and HTTP headers {"HTTP_REFERER"=>"/cadastro"}
REQUESTING PAGE: GET http://www.example.com/usuario/example-user with {} and HTTP headers {"HTTP_REFERER"=>"/users"}
REQUESTING PAGE: GET /login with {} and HTTP headers {}
REQUESTING PAGE: GET /login with {} and HTTP headers {}
REQUESTING PAGE: GET /usuario/senha with {} and HTTP headers {}
REQUESTING PAGE: GET /usuario/senha with {} and HTTP headers {}
REQUESTING PAGE: GET /cadastro with {} and HTTP headers {}
REQUESTING PAGE: POST /users with {"commit"=>"Vai!", "utf8"=>"✓", "user"=>{"name"=>"", "password_confirmation"=>"", "password"=>"", "email"=>""}} and HTTP headers {"HTTP_REFERER"=>"/cadastro"}
REQUESTING PAGE: GET /cadastro with {} and HTTP headers {}
REQUESTING PAGE: POST /users with {"commit"=>"Vai!", "utf8"=>"✓", "user"=>{"name"=>"Example User", "password_confirmation"=>"foobar", "password"=>"foobar", "email"=>"user@example.com"}} and HTTP headers {"HTTP_REFERER"=>"/cadastro"}
REQUESTING PAGE: GET http://www.example.com/usuario/example-user with {} and HTTP headers {"HTTP_REFERER"=>"/users"}
REQUESTING PAGE: GET /login with {} and HTTP headers {}
REQUESTING PAGE: GET /login with {} and HTTP headers {}
REQUESTING PAGE: GET /usuario/senha with {} and HTTP headers {}
REQUESTING PAGE: GET /usuario/senha with {} and HTTP headers {}
REQUESTING PAGE: GET /cadastro with {} and HTTP headers {}
REQUESTING PAGE: POST /users with {"commit"=>"Vai!", "utf8"=>"✓", "user"=>{"name"=>"", "password_confirmation"=>"", "password"=>"", "email"=>""}} and HTTP headers {"HTTP_REFERER"=>"/cadastro"}
REQUESTING PAGE: GET /cadastro with {} and HTTP headers {}
REQUESTING PAGE: POST /users with {"commit"=>"Vai!", "utf8"=>"✓", "user"=>{"name"=>"Example User", "password_confirmation"=>"foobar", "password"=>"foobar", "email"=>"user@example.com"}} and HTTP headers {"HTTP_REFERER"=>"/cadastro"}
REQUESTING PAGE: GET http://www.example.com/usuario/example-user with {} and HTTP headers {"HTTP_REFERER"=>"/users"}
REQUESTING PAGE: GET /login with {} and HTTP headers {}
REQUESTING PAGE: GET /login with {} and HTTP headers {}
REQUESTING PAGE: GET /usuario/senha with {} and HTTP headers {}
REQUESTING PAGE: GET /usuario/senha with {} and HTTP headers {}
REQUESTING PAGE: GET /cadastro with {} and HTTP headers {}
REQUESTING PAGE: POST /users with {"commit"=>"Vai!", "utf8"=>"✓", "user"=>{"name"=>"", "password_confirmation"=>"", "password"=>"", "email"=>""}} and HTTP headers {"HTTP_REFERER"=>"/cadastro"}
REQUESTING PAGE: GET /cadastro with {} and HTTP headers {}
REQUESTING PAGE: POST /users with {"commit"=>"Vai!", "utf8"=>"✓", "user"=>{"name"=>"Example User", "password_confirmation"=>"foobar", "password"=>"foobar", "email"=>"user@example.com"}} and HTTP headers {"HTTP_REFERER"=>"/cadastro"}
REQUESTING PAGE: GET http://www.example.com/usuario/example-user with {} and HTTP headers {"HTTP_REFERER"=>"/users"}
REQUESTING PAGE: GET /login with {} and HTTP headers {}
REQUESTING PAGE: GET /login with {} and HTTP headers {}
REQUESTING PAGE: POST /sessions with {"commit"=>"Login", "session"=>{"password"=>"foobar", "email"=>"mhartl@example.com"}, "utf8"=>"✓"} and HTTP headers {"HTTP_REFERER"=>"/login"}
REQUESTING PAGE: GET http://www.example.com/usuario/michael-hartl with {} and HTTP headers {"HTTP_REFERER"=>"/sessions"}
REQUESTING PAGE: GET /sair with {} and HTTP headers {"HTTP_REFERER"=>"http://www.example.com/usuario/michael-hartl"}
REQUESTING PAGE: GET http://www.example.com/ with {} and HTTP headers {"HTTP_REFERER"=>"/sair"}
REQUESTING PAGE: GET /usuario/senha with {} and HTTP headers {}
REQUESTING PAGE: GET /usuario/senha with {} and HTTP headers {}
REQUESTING PAGE: GET /cadastro with {} and HTTP headers {}
REQUESTING PAGE: POST /users with {"commit"=>"Vai!", "utf8"=>"✓", "user"=>{"name"=>"", "password_confirmation"=>"", "password"=>"", "email"=>""}} and HTTP headers {"HTTP_REFERER"=>"/cadastro"}
REQUESTING PAGE: GET /cadastro with {} and HTTP headers {}
REQUESTING PAGE: POST /users with {"commit"=>"Vai!", "utf8"=>"✓", "user"=>{"name"=>"Example User", "password_confirmation"=>"foobar", "password"=>"foobar", "email"=>"user@example.com"}} and HTTP headers {"HTTP_REFERER"=>"/cadastro"}
REQUESTING PAGE: GET http://www.example.com/usuario/example-user with {} and HTTP headers {"HTTP_REFERER"=>"/users"}
REQUESTING PAGE: GET /login with {} and HTTP headers {}
REQUESTING PAGE: POST /sessions with {"commit"=>"Login", "session"=>{"password"=>"", "email"=>""}, "utf8"=>"✓"} and HTTP headers {"HTTP_REFERER"=>"/login"}
REQUESTING PAGE: GET /login with {} and HTTP headers {}
REQUESTING PAGE: POST /sessions with {"commit"=>"Login", "session"=>{"password"=>"foobar", "email"=>"mhartl@example.com"}, "utf8"=>"✓"} and HTTP headers {"HTTP_REFERER"=>"/login"}
REQUESTING PAGE: GET http://www.example.com/usuario/michael-hartl with {} and HTTP headers {"HTTP_REFERER"=>"/sessions"}
REQUESTING PAGE: GET /sair with {} and HTTP headers {"HTTP_REFERER"=>"http://www.example.com/usuario/michael-hartl"}
REQUESTING PAGE: GET http://www.example.com/ with {} and HTTP headers {"HTTP_REFERER"=>"/sair"}
REQUESTING PAGE: GET /usuario/senha with {} and HTTP headers {}
REQUESTING PAGE: GET /usuario/senha with {} and HTTP headers {}
REQUESTING PAGE: GET /cadastro with {} and HTTP headers {}
REQUESTING PAGE: POST /users with {"commit"=>"Vai!", "utf8"=>"✓", "user"=>{"name"=>"", "password_confirmation"=>"", "password"=>"", "email"=>""}} and HTTP headers {"HTTP_REFERER"=>"/cadastro"}
REQUESTING PAGE: GET /cadastro with {} and HTTP headers {}
REQUESTING PAGE: POST /users with {"commit"=>"Vai!", "utf8"=>"✓", "user"=>{"name"=>"Example User", "password_confirmation"=>"foobar", "password"=>"foobar", "email"=>"user@example.com"}} and HTTP headers {"HTTP_REFERER"=>"/cadastro"}
REQUESTING PAGE: GET http://www.example.com/usuario/example-user with {} and HTTP headers {"HTTP_REFERER"=>"/users"}
REQUESTING PAGE: GET /login with {} and HTTP headers {}
REQUESTING PAGE: POST /sessions with {"commit"=>"Login", "session"=>{"password"=>"", "email"=>""}, "utf8"=>"✓"} and HTTP headers {"HTTP_REFERER"=>"/login"}
REQUESTING PAGE: GET /login with {} and HTTP headers {}
REQUESTING PAGE: POST /sessions with {"commit"=>"Login", "session"=>{"password"=>"foobar", "email"=>"mhartl@example.com"}, "utf8"=>"✓"} and HTTP headers {"HTTP_REFERER"=>"/login"}
REQUESTING PAGE: GET http://www.example.com/usuario/michael-hartl with {} and HTTP headers {"HTTP_REFERER"=>"/sessions"}
REQUESTING PAGE: GET /sair with {} and HTTP headers {"HTTP_REFERER"=>"http://www.example.com/usuario/michael-hartl"}
REQUESTING PAGE: GET http://www.example.com/ with {} and HTTP headers {"HTTP_REFERER"=>"/sair"}
REQUESTING PAGE: GET /usuario/senha with {} and HTTP headers {}
REQUESTING PAGE: GET /usuario/senha with {} and HTTP headers {}
REQUESTING PAGE: GET /cadastro with {} and HTTP headers {}
REQUESTING PAGE: POST /users with {"commit"=>"Vai!", "utf8"=>"✓", "user"=>{"name"=>"", "password_confirmation"=>"", "password"=>"", "email"=>""}} and HTTP headers {"HTTP_REFERER"=>"/cadastro"}
REQUESTING PAGE: GET /cadastro with {} and HTTP headers {}
REQUESTING PAGE: POST /users with {"commit"=>"Vai!", "utf8"=>"✓", "user"=>{"name"=>"Example User", "password_confirmation"=>"foobar", "password"=>"foobar", "email"=>"user@example.com"}} and HTTP headers {"HTTP_REFERER"=>"/cadastro"}
REQUESTING PAGE: GET http://www.example.com/usuario/example-user with {} and HTTP headers {"HTTP_REFERER"=>"/users"}
REQUESTING PAGE: GET /login with {} and HTTP headers {}
REQUESTING PAGE: POST /sessions with {"commit"=>"Login", "session"=>{"password"=>"", "email"=>""}, "utf8"=>"✓"} and HTTP headers {"HTTP_REFERER"=>"/login"}
REQUESTING PAGE: GET /login with {} and HTTP headers {}
REQUESTING PAGE: POST /sessions with {"commit"=>"Login", "session"=>{"password"=>"foobar", "email"=>"mhartl@example.com"}, "utf8"=>"✓"} and HTTP headers {"HTTP_REFERER"=>"/login"}
REQUESTING PAGE: GET http://www.example.com/usuario/michael-hartl with {} and HTTP headers {"HTTP_REFERER"=>"/sessions"}
REQUESTING PAGE: GET /sair with {} and HTTP headers {"HTTP_REFERER"=>"http://www.example.com/usuario/michael-hartl"}
REQUESTING PAGE: GET http://www.example.com/ with {} and HTTP headers {"HTTP_REFERER"=>"/sair"}
REQUESTING PAGE: GET /usuario/senha with {} and HTTP headers {}
REQUESTING PAGE: GET /usuario/senha with {} and HTTP headers {}
REQUESTING PAGE: GET /cadastro with {} and HTTP headers {}
REQUESTING PAGE: POST /users with {"commit"=>"Vai!", "utf8"=>"✓", "user"=>{"name"=>"", "password_confirmation"=>"", "password"=>"", "email"=>""}} and HTTP headers {"HTTP_REFERER"=>"/cadastro"}
REQUESTING PAGE: GET /cadastro with {} and HTTP headers {}
REQUESTING PAGE: POST /users with {"commit"=>"Vai!", "utf8"=>"✓", "user"=>{"name"=>"Example User", "password_confirmation"=>"foobar", "password"=>"foobar", "email"=>"user@example.com"}} and HTTP headers {"HTTP_REFERER"=>"/cadastro"}
REQUESTING PAGE: GET http://www.example.com/usuario/example-user with {} and HTTP headers {"HTTP_REFERER"=>"/users"}
REQUESTING PAGE: GET /login with {} and HTTP headers {}
REQUESTING PAGE: POST /sessions with {"commit"=>"Login", "session"=>{"password"=>"", "email"=>""}, "utf8"=>"✓"} and HTTP headers {"HTTP_REFERER"=>"/login"}
REQUESTING PAGE: GET /login with {} and HTTP headers {}
REQUESTING PAGE: POST /sessions with {"commit"=>"Login", "session"=>{"password"=>"foobar", "email"=>"mhartl@example.com"}, "utf8"=>"✓"} and HTTP headers {"HTTP_REFERER"=>"/login"}
REQUESTING PAGE: GET http://www.example.com/usuario/michael-hartl with {} and HTTP headers {"HTTP_REFERER"=>"/sessions"}
REQUESTING PAGE: GET /sair with {} and HTTP headers {"HTTP_REFERER"=>"http://www.example.com/usuario/michael-hartl"}
REQUESTING PAGE: GET http://www.example.com/ with {} and HTTP headers {"HTTP_REFERER"=>"/sair"}
REQUESTING PAGE: GET /usuario/senha with {} and HTTP headers {}
REQUESTING PAGE: GET /usuario/senha with {} and HTTP headers {}
REQUESTING PAGE: GET /cadastro with {} and HTTP headers {}
REQUESTING PAGE: POST /users with {"commit"=>"Vai!", "utf8"=>"✓", "user"=>{"name"=>"", "password_confirmation"=>"", "password"=>"", "email"=>""}} and HTTP headers {"HTTP_REFERER"=>"/cadastro"}
REQUESTING PAGE: GET /cadastro with {} and HTTP headers {}
REQUESTING PAGE: POST /users with {"commit"=>"Vai!", "utf8"=>"✓", "user"=>{"name"=>"Example User", "password_confirmation"=>"foobar", "password"=>"foobar", "email"=>"user@example.com"}} and HTTP headers {"HTTP_REFERER"=>"/cadastro"}
REQUESTING PAGE: GET http://www.example.com/usuario/example-user with {} and HTTP headers {"HTTP_REFERER"=>"/users"}
REQUESTING PAGE: GET /login with {} and HTTP headers {}
REQUESTING PAGE: POST /sessions with {"commit"=>"Login", "session"=>{"password"=>"", "email"=>""}, "utf8"=>"✓"} and HTTP headers {"HTTP_REFERER"=>"/login"}
REQUESTING PAGE: GET /login with {} and HTTP headers {}
REQUESTING PAGE: POST /sessions with {"commit"=>"Login", "session"=>{"password"=>"foobar", "email"=>"mhartl@example.com"}, "utf8"=>"✓"} and HTTP headers {"HTTP_REFERER"=>"/login"}
REQUESTING PAGE: GET http://www.example.com/usuario/michael-hartl with {} and HTTP headers {"HTTP_REFERER"=>"/sessions"}
REQUESTING PAGE: GET /sair with {} and HTTP headers {"HTTP_REFERER"=>"http://www.example.com/usuario/michael-hartl"}
REQUESTING PAGE: GET http://www.example.com/ with {} and HTTP headers {"HTTP_REFERER"=>"/sair"}
REQUESTING PAGE: GET /usuario/senha with {} and HTTP headers {}
REQUESTING PAGE: GET /pesquisar with {"keywords"=>""} and HTTP headers {"HTTP_REFERER"=>"/usuario/senha"}
REQUESTING PAGE: GET /usuario/senha with {} and HTTP headers {}
REQUESTING PAGE: GET /pesquisar with {"keywords"=>""} and HTTP headers {"HTTP_REFERER"=>"/usuario/senha"}
REQUESTING PAGE: GET /cadastro with {} and HTTP headers {}
REQUESTING PAGE: POST /users with {"commit"=>"Vai!", "utf8"=>"✓", "user"=>{"name"=>"", "password_confirmation"=>"", "password"=>"", "email"=>""}} and HTTP headers {"HTTP_REFERER"=>"/cadastro"}
REQUESTING PAGE: GET /cadastro with {} and HTTP headers {}
REQUESTING PAGE: POST /users with {"commit"=>"Vai!", "utf8"=>"✓", "user"=>{"name"=>"Example User", "password_confirmation"=>"foobar", "password"=>"foobar", "email"=>"user@example.com"}} and HTTP headers {"HTTP_REFERER"=>"/cadastro"}
REQUESTING PAGE: GET http://www.example.com/usuario/example-user with {} and HTTP headers {"HTTP_REFERER"=>"/users"}
REQUESTING PAGE: GET /login with {} and HTTP headers {}
REQUESTING PAGE: POST /sessions with {"commit"=>"Login", "session"=>{"password"=>"", "email"=>""}, "utf8"=>"✓"} and HTTP headers {"HTTP_REFERER"=>"/login"}
REQUESTING PAGE: GET /login with {} and HTTP headers {}
REQUESTING PAGE: POST /sessions with {"commit"=>"Login", "session"=>{"password"=>"foobar", "email"=>"mhartl@example.com"}, "utf8"=>"✓"} and HTTP headers {"HTTP_REFERER"=>"/login"}
REQUESTING PAGE: GET http://www.example.com/usuario/michael-hartl with {} and HTTP headers {"HTTP_REFERER"=>"/sessions"}
REQUESTING PAGE: GET /sair with {} and HTTP headers {"HTTP_REFERER"=>"http://www.example.com/usuario/michael-hartl"}
REQUESTING PAGE: GET http://www.example.com/ with {} and HTTP headers {"HTTP_REFERER"=>"/sair"}
REQUESTING PAGE: GET /usuario/senha with {} and HTTP headers {}
REQUESTING PAGE: GET /usuario/senha with {} and HTTP headers {}
REQUESTING PAGE: GET /cadastro with {} and HTTP headers {}
REQUESTING PAGE: POST /users with {"commit"=>"Vai!", "utf8"=>"✓", "user"=>{"name"=>"", "password_confirmation"=>"", "password"=>"", "email"=>""}} and HTTP headers {"HTTP_REFERER"=>"/cadastro"}
REQUESTING PAGE: GET /cadastro with {} and HTTP headers {}
REQUESTING PAGE: POST /users with {"commit"=>"Vai!", "utf8"=>"✓", "user"=>{"name"=>"Example User", "password_confirmation"=>"foobar", "password"=>"foobar", "email"=>"user@example.com"}} and HTTP headers {"HTTP_REFERER"=>"/cadastro"}
REQUESTING PAGE: GET http://www.example.com/usuario/example-user with {} and HTTP headers {"HTTP_REFERER"=>"/users"}
REQUESTING PAGE: GET /login with {} and HTTP headers {}
REQUESTING PAGE: POST /sessions with {"commit"=>"Login", "session"=>{"password"=>"", "email"=>""}, "utf8"=>"✓"} and HTTP headers {"HTTP_REFERER"=>"/login"}
REQUESTING PAGE: GET /login with {} and HTTP headers {}
REQUESTING PAGE: POST /sessions with {"commit"=>"Login", "session"=>{"password"=>"foobar", "email"=>"mhartl@example.com"}, "utf8"=>"✓"} and HTTP headers {"HTTP_REFERER"=>"/login"}
REQUESTING PAGE: GET http://www.example.com/usuario/michael-hartl with {} and HTTP headers {"HTTP_REFERER"=>"/sessions"}
REQUESTING PAGE: GET /sair with {} and HTTP headers {"HTTP_REFERER"=>"http://www.example.com/usuario/michael-hartl"}
REQUESTING PAGE: GET http://www.example.com/ with {} and HTTP headers {"HTTP_REFERER"=>"/sair"}
REQUESTING PAGE: GET /usuario/senha with {} and HTTP headers {}
REQUESTING PAGE: POST /instrucoes?format= with {"commit"=>"Solicitar instruções", "utf8"=>"✓", "user"=>{"email"=>""}} and HTTP headers {"HTTP_REFERER"=>"/usuario/senha"}
REQUESTING PAGE: GET http://www.example.com/usuario/senha with {} and HTTP headers {"HTTP_REFERER"=>"/instrucoes?format="}
REQUESTING PAGE: GET /usuario/senha with {} and HTTP headers {}
REQUESTING PAGE: GET /cadastro with {} and HTTP headers {}
REQUESTING PAGE: POST /users with {"commit"=>"Vai!", "utf8"=>"✓", "user"=>{"name"=>"", "password_confirmation"=>"", "password"=>"", "email"=>""}} and HTTP headers {"HTTP_REFERER"=>"/cadastro"}
REQUESTING PAGE: GET /cadastro with {} and HTTP headers {}
REQUESTING PAGE: POST /users with {"commit"=>"Vai!", "utf8"=>"✓", "user"=>{"name"=>"Example User", "password_confirmation"=>"foobar", "password"=>"foobar", "email"=>"user@example.com"}} and HTTP headers {"HTTP_REFERER"=>"/cadastro"}
REQUESTING PAGE: GET http://www.example.com/usuario/example-user with {} and HTTP headers {"HTTP_REFERER"=>"/users"}
REQUESTING PAGE: GET /login with {} and HTTP headers {}
REQUESTING PAGE: POST /sessions with {"commit"=>"Login", "session"=>{"password"=>"", "email"=>""}, "utf8"=>"✓"} and HTTP headers {"HTTP_REFERER"=>"/login"}
REQUESTING PAGE: GET /login with {} and HTTP headers {}
REQUESTING PAGE: POST /sessions with {"commit"=>"Login", "session"=>{"password"=>"foobar", "email"=>"mhartl@example.com"}, "utf8"=>"✓"} and HTTP headers {"HTTP_REFERER"=>"/login"}
REQUESTING PAGE: GET http://www.example.com/usuario/michael-hartl with {} and HTTP headers {"HTTP_REFERER"=>"/sessions"}
REQUESTING PAGE: GET /sair with {} and HTTP headers {"HTTP_REFERER"=>"http://www.example.com/usuario/michael-hartl"}
REQUESTING PAGE: GET http://www.example.com/ with {} and HTTP headers {"HTTP_REFERER"=>"/sair"}
REQUESTING PAGE: GET /usuario/senha with {} and HTTP headers {}
REQUESTING PAGE: POST /instrucoes?format= with {"commit"=>"Solicitar instruções", "utf8"=>"✓", "user"=>{"email"=>""}} and HTTP headers {"HTTP_REFERER"=>"/usuario/senha"}
REQUESTING PAGE: GET http://www.example.com/usuario/senha with {} and HTTP headers {"HTTP_REFERER"=>"/instrucoes?format="}
REQUESTING PAGE: GET /usuario/senha with {} and HTTP headers {}
REQUESTING PAGE: POST /instrucoes?format= with {"commit"=>"Solicitar instruções", "utf8"=>"✓", "user"=>{"email"=>"mhartl@example.com"}} and HTTP headers {"HTTP_REFERER"=>"/usuario/senha"}
REQUESTING PAGE: GET http://www.example.com/usuario/senha with {} and HTTP headers {"HTTP_REFERER"=>"/instrucoes?format="}
REQUESTING PAGE: GET /cadastro with {} and HTTP headers {}
REQUESTING PAGE: POST /users with {"commit"=>"Vai!", "utf8"=>"✓", "user"=>{"name"=>"", "password_confirmation"=>"", "password"=>"", "email"=>""}} and HTTP headers {"HTTP_REFERER"=>"/cadastro"}
REQUESTING PAGE: GET /cadastro with {} and HTTP headers {}
REQUESTING PAGE: POST /users with {"commit"=>"Vai!", "utf8"=>"✓", "user"=>{"name"=>"Example User", "password_confirmation"=>"foobar", "password"=>"foobar", "email"=>"user@example.com"}} and HTTP headers {"HTTP_REFERER"=>"/cadastro"}
REQUESTING PAGE: GET http://www.example.com/usuario/example-user with {} and HTTP headers {"HTTP_REFERER"=>"/users"}
REQUESTING PAGE: GET /login with {} and HTTP headers {}
REQUESTING PAGE: POST /sessions with {"commit"=>"Login", "session"=>{"password"=>"", "email"=>""}, "utf8"=>"✓"} and HTTP headers {"HTTP_REFERER"=>"/login"}
REQUESTING PAGE: GET /login with {} and HTTP headers {}
REQUESTING PAGE: POST /sessions with {"commit"=>"Login", "session"=>{"password"=>"foobar", "email"=>"mhartl@example.com"}, "utf8"=>"✓"} and HTTP headers {"HTTP_REFERER"=>"/login"}
REQUESTING PAGE: GET http://www.example.com/usuario/michael-hartl with {} and HTTP headers {"HTTP_REFERER"=>"/sessions"}
REQUESTING PAGE: GET /sair with {} and HTTP headers {"HTTP_REFERER"=>"http://www.example.com/usuario/michael-hartl"}
REQUESTING PAGE: GET http://www.example.com/ with {} and HTTP headers {"HTTP_REFERER"=>"/sair"}
REQUESTING PAGE: GET /usuario/senha with {} and HTTP headers {}
REQUESTING PAGE: POST /instrucoes?format= with {"commit"=>"Solicitar instruções", "utf8"=>"✓", "user"=>{"email"=>""}} and HTTP headers {"HTTP_REFERER"=>"/usuario/senha"}
REQUESTING PAGE: GET http://www.example.com/usuario/senha with {} and HTTP headers {"HTTP_REFERER"=>"/instrucoes?format="}
REQUESTING PAGE: GET /usuario/senha with {} and HTTP headers {}
REQUESTING PAGE: POST /instrucoes?format= with {"commit"=>"Solicitar instruções", "utf8"=>"✓", "user"=>{"email"=>"mhartl@example.com"}} and HTTP headers {"HTTP_REFERER"=>"/usuario/senha"}
REQUESTING PAGE: GET http://www.example.com/usuario/senha with {} and HTTP headers {"HTTP_REFERER"=>"/instrucoes?format="}
REQUESTING PAGE: GET /cadastro with {} and HTTP headers {}
REQUESTING PAGE: POST /users with {"commit"=>"Vai!", "utf8"=>"✓", "user"=>{"name"=>"", "password_confirmation"=>"", "password"=>"", "email"=>""}} and HTTP headers {"HTTP_REFERER"=>"/cadastro"}
REQUESTING PAGE: GET /cadastro with {} and HTTP headers {}
REQUESTING PAGE: POST /users with {"commit"=>"Vai!", "utf8"=>"✓", "user"=>{"name"=>"Example User", "password_confirmation"=>"foobar", "password"=>"foobar", "email"=>"user@example.com"}} and HTTP headers {"HTTP_REFERER"=>"/cadastro"}
REQUESTING PAGE: GET http://www.example.com/usuario/example-user with {} and HTTP headers {"HTTP_REFERER"=>"/users"}
REQUESTING PAGE: GET /login with {} and HTTP headers {}
REQUESTING PAGE: POST /sessions with {"commit"=>"Login", "session"=>{"password"=>"", "email"=>""}, "utf8"=>"✓"} and HTTP headers {"HTTP_REFERER"=>"/login"}
REQUESTING PAGE: GET /login with {} and HTTP headers {}
REQUESTING PAGE: POST /sessions with {"commit"=>"Login", "session"=>{"password"=>"foobar", "email"=>"mhartl@example.com"}, "utf8"=>"✓"} and HTTP headers {"HTTP_REFERER"=>"/login"}
REQUESTING PAGE: GET http://www.example.com/usuario/michael-hartl with {} and HTTP headers {"HTTP_REFERER"=>"/sessions"}
REQUESTING PAGE: GET /sair with {} and HTTP headers {"HTTP_REFERER"=>"http://www.example.com/usuario/michael-hartl"}
REQUESTING PAGE: GET http://www.example.com/ with {} and HTTP headers {"HTTP_REFERER"=>"/sair"}
REQUESTING PAGE: GET /usuario/senha with {} and HTTP headers {}
REQUESTING PAGE: POST /instrucoes?format= with {"commit"=>"Solicitar instruções", "utf8"=>"✓", "user"=>{"email"=>""}} and HTTP headers {"HTTP_REFERER"=>"/usuario/senha"}
REQUESTING PAGE: GET http://www.example.com/usuario/senha with {} and HTTP headers {"HTTP_REFERER"=>"/instrucoes?format="}
REQUESTING PAGE: GET /usuario/senha with {} and HTTP headers {}
REQUESTING PAGE: POST /instrucoes?format= with {"commit"=>"Solicitar instruções", "utf8"=>"✓", "user"=>{"email"=>"mhartl@example.com"}} and HTTP headers {"HTTP_REFERER"=>"/usuario/senha"}
REQUESTING PAGE: GET http://www.example.com/usuario/senha with {} and HTTP headers {"HTTP_REFERER"=>"/instrucoes?format="}
REQUESTING PAGE: GET /usuario/michael-hartl/editar with {} and HTTP headers {}
REQUESTING PAGE: GET http://www.example.com/login with {} and HTTP headers {"HTTP_REFERER"=>"/usuario/michael-hartl/editar"}
REQUESTING PAGE: GET /usuario/michael-hartl/editar with {} and HTTP headers {}
REQUESTING PAGE: GET http://www.example.com/login with {} and HTTP headers {"HTTP_REFERER"=>"/usuario/michael-hartl/editar"}
REQUESTING PAGE: GET /pesquisar with {"keywords"=>""} and HTTP headers {"HTTP_REFERER"=>"http://www.example.com/login"}
REQUESTING PAGE: GET /usuario/michael-hartl/editar with {} and HTTP headers {}
REQUESTING PAGE: GET http://www.example.com/login with {} and HTTP headers {"HTTP_REFERER"=>"/usuario/michael-hartl/editar"}
REQUESTING PAGE: GET /usuario/michael-hartl/editar with {} and HTTP headers {}
REQUESTING PAGE: GET http://www.example.com/login with {} and HTTP headers {"HTTP_REFERER"=>"/usuario/michael-hartl/editar"}
REQUESTING PAGE: POST /sessions with {"commit"=>"Login", "session"=>{"password"=>"foobar", "email"=>"mhartl@example.com"}, "utf8"=>"✓"} and HTTP headers {"HTTP_REFERER"=>"http://www.example.com/login"}
REQUESTING PAGE: GET http://www.example.com/usuario/michael-hartl/editar with {} and HTTP headers {"HTTP_REFERER"=>"/sessions"}
REQUESTING PAGE: GET / with {} and HTTP headers {}
REQUESTING PAGE: GET / with {} and HTTP headers {}
REQUESTING PAGE: GET / with {} and HTTP headers {}
REQUESTING PAGE: GET / with {} and HTTP headers {}
REQUESTING PAGE: GET /login with {} and HTTP headers {}
REQUESTING PAGE: GET /login with {} and HTTP headers {}
REQUESTING PAGE: GET /login with {} and HTTP headers {}
REQUESTING PAGE: GET / with {} and HTTP headers {}
REQUESTING PAGE: GET /login with {} and HTTP headers {}
REQUESTING PAGE: GET /login with {} and HTTP headers {}
REQUESTING PAGE: POST /sessions with {"commit"=>"Login", "session"=>{"password"=>"foobar", "email"=>"mhartl@example.com"}, "utf8"=>"✓"} and HTTP headers {"HTTP_REFERER"=>"/login"}
REQUESTING PAGE: GET http://www.example.com/usuario/michael-hartl with {} and HTTP headers {"HTTP_REFERER"=>"/sessions"}
REQUESTING PAGE: GET / with {} and HTTP headers {"HTTP_REFERER"=>"http://www.example.com/usuario/michael-hartl"}
REQUESTING PAGE: GET /login with {} and HTTP headers {}
REQUESTING PAGE: POST /sessions with {"commit"=>"Login", "session"=>{"password"=>"foobar", "email"=>"mhartl@example.com"}, "utf8"=>"✓"} and HTTP headers {"HTTP_REFERER"=>"/login"}
REQUESTING PAGE: GET http://www.example.com/usuario/michael-hartl with {} and HTTP headers {"HTTP_REFERER"=>"/sessions"}
REQUESTING PAGE: GET / with {} and HTTP headers {"HTTP_REFERER"=>"http://www.example.com/usuario/michael-hartl"}
REQUESTING PAGE: GET / with {} and HTTP headers {}
REQUESTING PAGE: GET /login with {} and HTTP headers {}
REQUESTING PAGE: GET /login with {} and HTTP headers {}
REQUESTING PAGE: POST /sessions with {"commit"=>"Login", "session"=>{"password"=>"foobar", "email"=>"mhartl@example.com"}, "utf8"=>"✓"} and HTTP headers {"HTTP_REFERER"=>"/login"}
REQUESTING PAGE: GET http://www.example.com/usuario/michael-hartl with {} and HTTP headers {"HTTP_REFERER"=>"/sessions"}
REQUESTING PAGE: GET / with {} and HTTP headers {"HTTP_REFERER"=>"http://www.example.com/usuario/michael-hartl"}
REQUESTING PAGE: GET /login with {} and HTTP headers {}
REQUESTING PAGE: POST /sessions with {"commit"=>"Login", "session"=>{"password"=>"foobar", "email"=>"mhartl@example.com"}, "utf8"=>"✓"} and HTTP headers {"HTTP_REFERER"=>"/login"}
REQUESTING PAGE: GET http://www.example.com/usuario/michael-hartl with {} and HTTP headers {"HTTP_REFERER"=>"/sessions"}
REQUESTING PAGE: GET / with {} and HTTP headers {"HTTP_REFERER"=>"http://www.example.com/usuario/michael-hartl"}
REQUESTING PAGE: GET / with {} and HTTP headers {}
REQUESTING PAGE: GET /login with {} and HTTP headers {}
REQUESTING PAGE: GET /login with {} and HTTP headers {}
REQUESTING PAGE: POST /sessions with {"commit"=>"Login", "session"=>{"password"=>"foobar", "email"=>"mhartl@example.com"}, "utf8"=>"✓"} and HTTP headers {"HTTP_REFERER"=>"/login"}
REQUESTING PAGE: GET http://www.example.com/usuario/michael-hartl with {} and HTTP headers {"HTTP_REFERER"=>"/sessions"}
REQUESTING PAGE: GET / with {} and HTTP headers {"HTTP_REFERER"=>"http://www.example.com/usuario/michael-hartl"}
REQUESTING PAGE: GET /login with {} and HTTP headers {}
REQUESTING PAGE: POST /sessions with {"commit"=>"Login", "session"=>{"password"=>"foobar", "email"=>"mhartl@example.com"}, "utf8"=>"✓"} and HTTP headers {"HTTP_REFERER"=>"/login"}
REQUESTING PAGE: GET http://www.example.com/usuario/michael-hartl with {} and HTTP headers {"HTTP_REFERER"=>"/sessions"}
REQUESTING PAGE: GET / with {} and HTTP headers {"HTTP_REFERER"=>"http://www.example.com/usuario/michael-hartl"}
